\BOOKMARK [0][-]{chapter.1}{Theoretischer Hintergrund}{}% 1
\BOOKMARK [1][-]{section.1.1}{R\366ntgenstrahlung}{chapter.1}% 2
\BOOKMARK [1][-]{section.1.2}{R\366ntgenfluoreszenz}{chapter.1}% 3
\BOOKMARK [1][-]{section.1.3}{Silizium Drift Detektoren}{chapter.1}% 4
\BOOKMARK [1][-]{section.1.4}{Detektor- und Streuungseffekte}{chapter.1}% 5
\BOOKMARK [0][-]{chapter.2}{AnImaX-Projekt und QUADaps-Software}{}% 6
\BOOKMARK [1][-]{section.2.1}{AnImaX Projekt}{chapter.2}% 7
\BOOKMARK [2][-]{subsection.2.1.1}{Experimenteller Aufbau}{section.2.1}% 8
\BOOKMARK [1][-]{section.2.2}{Beschreibung der Detektorgeometrie}{chapter.2}% 9
\BOOKMARK [2][-]{subsection.2.2.1}{Absorptionseffekte durch gro\337en Raumwinkel}{section.2.2}% 10
\BOOKMARK [1][-]{section.2.3}{QUADaps Software}{chapter.2}% 11
\BOOKMARK [2][-]{subsection.2.3.1}{Modellannahmen}{section.2.3}% 12
\BOOKMARK [0][-]{chapter.3}{Probendesign und Simulationen}{}% 13
\BOOKMARK [1][-]{section.3.1}{Vorwort zu den Simulationen}{chapter.3}% 14
\BOOKMARK [1][-]{section.3.2}{Anregung der Silizium-K-Kante}{chapter.3}% 15
\BOOKMARK [2][-]{subsection.3.2.1}{Probendesign}{section.3.2}% 16
\BOOKMARK [2][-]{subsection.3.2.2}{Simulation}{section.3.2}% 17
\BOOKMARK [1][-]{section.3.3}{3-Schicht-System aus Cu und Fe}{chapter.3}% 18
\BOOKMARK [2][-]{subsection.3.3.1}{Probendesign}{section.3.3}% 19
\BOOKMARK [2][-]{subsection.3.3.2}{Simulation}{section.3.3}% 20
\BOOKMARK [1][-]{section.3.4}{Horizontal gedrehtes 3-Schicht-System}{chapter.3}% 21
\BOOKMARK [2][-]{subsection.3.4.1}{Betrachtung des gedrehten Probendesigns}{section.3.4}% 22
\BOOKMARK [2][-]{subsection.3.4.2}{Simulation}{section.3.4}% 23
\BOOKMARK [0][-]{chapter.4}{Zusammenfassung und Ausblick}{}% 24
